--------------- Build Started: 10/30/2025 18:11:50 Project: Revelite_Batt_PSoC4, Configuration: ARM GCC 5.4-2016-q2-update Debug ---------------
The code generation step is up to date.
arm-none-eabi-gcc.exe -mcpu=cortex-m0 -mthumb -I. -IGenerated_Source\PSoC4 -Wa,-alh=.\CortexM0\ARM_GCC_541\Debug/subs.lst -g -D DEBUG -D CY_CORE_ID=0 -Wall -ffunction-sections -ffat-lto-objects -Og -c subs.c -o .\CortexM0\ARM_GCC_541\Debug\subs.o
subs.c: In function 'LatchWrite':
subs.c:53:11: warning: unused variable 'error' [-Wunused-variable]
     uint8 error = I2CM_SyncWrite(byAddress, (uint8*)buffer, 2);
           ^
subs.c: In function 'LatchRead':
subs.c:82:11: warning: unused variable 'error' [-Wunused-variable]
     uint8 error = I2CM_SyncRead(byAddress, (uint8*)buffer, 1);
           ^
arm-none-eabi-ar.exe -rs .\CortexM0\ARM_GCC_541\Debug\Revelite_Batt_PSoC4.a .\CortexM0\ARM_GCC_541\Debug\PWM_1.o .\CortexM0\ARM_GCC_541\Debug\PWM_1_PM.o .\CortexM0\ARM_GCC_541\Debug\Clock_1.o .\CortexM0\ARM_GCC_541\Debug\PWM1.o .\CortexM0\ARM_GCC_541\Debug\PWM1_PM.o .\CortexM0\ARM_GCC_541\Debug\PWM_2.o .\CortexM0\ARM_GCC_541\Debug\PWM_2_PM.o .\CortexM0\ARM_GCC_541\Debug\PWM2.o .\CortexM0\ARM_GCC_541\Debug\PWM2_PM.o .\CortexM0\ARM_GCC_541\Debug\DIM_isr.o .\CortexM0\ARM_GCC_541\Debug\ADC.o .\CortexM0\ARM_GCC_541\Debug\ADC_PM.o .\CortexM0\ARM_GCC_541\Debug\ADC_INT.o .\CortexM0\ARM_GCC_541\Debug\VSENSE.o .\CortexM0\ARM_GCC_541\Debug\VSENSE_PM.o .\CortexM0\ARM_GCC_541\Debug\VBUS_SENSE.o .\CortexM0\ARM_GCC_541\Debug\VBUS_SENSE_PM.o .\CortexM0\ARM_GCC_541\Debug\Clock_2.o .\CortexM0\ARM_GCC_541\Debug\B.o .\CortexM0\ARM_GCC_541\Debug\B_PM.o .\CortexM0\ARM_GCC_541\Debug\BATT_NTC.o .\CortexM0\ARM_GCC_541\Debug\BATT_NTC_PM.o .\CortexM0\ARM_GCC_541\Debug\THERM.o .\CortexM0\ARM_GCC_541\Debug\THERM_PM.o .\CortexM0\ARM_GCC_541\Debug\A.o .\CortexM0\ARM_GCC_541\Debug\A_PM.o .\CortexM0\ARM_GCC_541\Debug\VBAT_SENSE.o .\CortexM0\ARM_GCC_541\Debug\VBAT_SENSE_PM.o .\CortexM0\ARM_GCC_541\Debug\UART.o .\CortexM0\ARM_GCC_541\Debug\UART_SPI_UART.o .\CortexM0\ARM_GCC_541\Debug\UART_SPI_UART_INT.o .\CortexM0\ARM_GCC_541\Debug\UART_PM.o .\CortexM0\ARM_GCC_541\Debug\UART_UART.o .\CortexM0\ARM_GCC_541\Debug\UART_BOOT.o .\CortexM0\ARM_GCC_541\Debug\UART_UART_BOOT.o .\CortexM0\ARM_GCC_541\Debug\ACTLED.o .\CortexM0\ARM_GCC_541\Debug\ACTLED_PM.o .\CortexM0\ARM_GCC_541\Debug\ERRLED.o .\CortexM0\ARM_GCC_541\Debug\ERRLED_PM.o .\CortexM0\ARM_GCC_541\Debug\QuadDec.o .\CortexM0\ARM_GCC_541\Debug\QuadDec_PM.o .\CortexM0\ARM_GCC_541\Debug\I2CM.o .\CortexM0\ARM_GCC_541\Debug\I2CM_I2C_INT.o .\CortexM0\ARM_GCC_541\Debug\I2CM_I2C.o .\CortexM0\ARM_GCC_541\Debug\I2CM_I2C_BOOT.o .\CortexM0\ARM_GCC_541\Debug\I2CM_I2C_MASTER.o .\CortexM0\ARM_GCC_541\Debug\I2CM_PM.o .\CortexM0\ARM_GCC_541\Debug\I2CM_BOOT.o .\CortexM0\ARM_GCC_541\Debug\Encoder_isr.o .\CortexM0\ARM_GCC_541\Debug\OC_FLAG.o .\CortexM0\ARM_GCC_541\Debug\OC_FLAG_PM.o .\CortexM0\ARM_GCC_541\Debug\USB_isr.o .\CortexM0\ARM_GCC_541\Debug\LATCH_isr.o .\CortexM0\ARM_GCC_541\Debug\USB_INT.o .\CortexM0\ARM_GCC_541\Debug\USB_INT_PM.o .\CortexM0\ARM_GCC_541\Debug\LATCH_INT.o .\CortexM0\ARM_GCC_541\Debug\LATCH_INT_PM.o .\CortexM0\ARM_GCC_541\Debug\CHRG_OK.o .\CortexM0\ARM_GCC_541\Debug\CHRG_OK_PM.o .\CortexM0\ARM_GCC_541\Debug\CMP_OUT.o .\CortexM0\ARM_GCC_541\Debug\CMP_OUT_PM.o .\CortexM0\ARM_GCC_541\Debug\OTG_VAP.o .\CortexM0\ARM_GCC_541\Debug\OTG_VAP_PM.o .\CortexM0\ARM_GCC_541\Debug\ADC_IRQ.o .\CortexM0\ARM_GCC_541\Debug\ADC_intClock.o .\CortexM0\ARM_GCC_541\Debug\UART_SCBCLK.o .\CortexM0\ARM_GCC_541\Debug\UART_tx.o .\CortexM0\ARM_GCC_541\Debug\UART_tx_PM.o .\CortexM0\ARM_GCC_541\Debug\UART_rx.o .\CortexM0\ARM_GCC_541\Debug\UART_rx_PM.o .\CortexM0\ARM_GCC_541\Debug\I2CM_SCBCLK.o .\CortexM0\ARM_GCC_541\Debug\I2CM_sda.o .\CortexM0\ARM_GCC_541\Debug\I2CM_sda_PM.o .\CortexM0\ARM_GCC_541\Debug\I2CM_scl.o .\CortexM0\ARM_GCC_541\Debug\I2CM_scl_PM.o .\CortexM0\ARM_GCC_541\Debug\I2CM_SCB_IRQ.o .\CortexM0\ARM_GCC_541\Debug\CyFlash.o .\CortexM0\ARM_GCC_541\Debug\CyLib.o .\CortexM0\ARM_GCC_541\Debug\cyPm.o .\CortexM0\ARM_GCC_541\Debug\cyutils.o .\CortexM0\ARM_GCC_541\Debug\CyLFClk.o .\CortexM0\ARM_GCC_541\Debug\cy_em_eeprom.o .\CortexM0\ARM_GCC_541\Debug\CyBootAsmGnu.o
arm-none-eabi-ar.exe: creating .\CortexM0\ARM_GCC_541\Debug\Revelite_Batt_PSoC4.a
arm-none-eabi-gcc.exe -Wl,--start-group -o C:\Users\jimvr\WarpWorking\Revelite_Batt\Revelite_Batt_PSoC4.cydsn\CortexM0\ARM_GCC_541\Debug\Revelite_Batt_PSoC4.elf .\CortexM0\ARM_GCC_541\Debug\main.o .\CortexM0\ARM_GCC_541\Debug\subs.o .\CortexM0\ARM_GCC_541\Debug\isr.o .\CortexM0\ARM_GCC_541\Debug\battery.o .\CortexM0\ARM_GCC_541\Debug\LTC2944.o .\CortexM0\ARM_GCC_541\Debug\CLI.o .\CortexM0\ARM_GCC_541\Debug\buttons.o .\CortexM0\ARM_GCC_541\Debug\cyfitter_cfg.o .\CortexM0\ARM_GCC_541\Debug\cymetadata.o .\CortexM0\ARM_GCC_541\Debug\Cm0Start.o .\CortexM0\ARM_GCC_541\Debug\Revelite_Batt_PSoC4.a -mcpu=cortex-m0 -mthumb -L Generated_Source\PSoC4 -Wl,-Map,.\CortexM0\ARM_GCC_541\Debug/Revelite_Batt_PSoC4.map -T Generated_Source\PSoC4\cm0gcc.ld -specs=nano.specs -Wl,--gc-sections -g -ffunction-sections -Og -ffat-lto-objects -Wl,--end-group
cyelftool.exe -C C:\Users\jimvr\WarpWorking\Revelite_Batt\Revelite_Batt_PSoC4.cydsn\CortexM0\ARM_GCC_541\Debug\Revelite_Batt_PSoC4.elf --flash_row_size 128 --flash_size 32768 --flash_offset 0x00000000
No ELF section .cychecksum found, creating one
Application checksum calculated and stored in ELF section .cychecksum
Checksum calculated and stored in ELF section .cymeta
cyelftool.exe -S C:\Users\jimvr\WarpWorking\Revelite_Batt\Revelite_Batt_PSoC4.cydsn\CortexM0\ARM_GCC_541\Debug\Revelite_Batt_PSoC4.elf
Flash used: 25950 of 32768 bytes (79.2%).
SRAM used: 2160 of 4096 bytes (52.7%). Stack: 1024 bytes. Heap: 128 bytes.
--------------- Build Succeeded: 10/30/2025 18:11:51 ---------------
