--------------- Rebuild Started: 10/28/2025 08:26:23 Project: Revelite_Batt_PSoC4, Configuration: ARM GCC 5.4-2016-q2-update Debug ---------------
Deleting file ".\CortexM0\ARM_GCC_541\Debug\main.o"
Deleting file ".\CortexM0\ARM_GCC_541\Debug\subs.o"
Deleting file ".\CortexM0\ARM_GCC_541\Debug\isr.o"
Deleting file ".\CortexM0\ARM_GCC_541\Debug\cyfitter_cfg.o"
Deleting file ".\CortexM0\ARM_GCC_541\Debug\cymetadata.o"
Deleting file ".\CortexM0\ARM_GCC_541\Debug\PWM_1.o"
Deleting file ".\CortexM0\ARM_GCC_541\Debug\PWM_1_PM.o"
Deleting file ".\CortexM0\ARM_GCC_541\Debug\Clock_1.o"
Deleting file ".\CortexM0\ARM_GCC_541\Debug\PWM1.o"
Deleting file ".\CortexM0\ARM_GCC_541\Debug\PWM1_PM.o"
Deleting file ".\CortexM0\ARM_GCC_541\Debug\PWM_2.o"
Deleting file ".\CortexM0\ARM_GCC_541\Debug\PWM_2_PM.o"
Deleting file ".\CortexM0\ARM_GCC_541\Debug\PWM2.o"
Deleting file ".\CortexM0\ARM_GCC_541\Debug\PWM2_PM.o"
Deleting file ".\CortexM0\ARM_GCC_541\Debug\DIM_isr.o"
Deleting file ".\CortexM0\ARM_GCC_541\Debug\ADC.o"
Deleting file ".\CortexM0\ARM_GCC_541\Debug\ADC_PM.o"
Deleting file ".\CortexM0\ARM_GCC_541\Debug\ADC_INT.o"
Deleting file ".\CortexM0\ARM_GCC_541\Debug\VSENSE.o"
Deleting file ".\CortexM0\ARM_GCC_541\Debug\VSENSE_PM.o"
Deleting file ".\CortexM0\ARM_GCC_541\Debug\VBUS_SENSE.o"
Deleting file ".\CortexM0\ARM_GCC_541\Debug\VBUS_SENSE_PM.o"
Deleting file ".\CortexM0\ARM_GCC_541\Debug\Clock_2.o"
Deleting file ".\CortexM0\ARM_GCC_541\Debug\B.o"
Deleting file ".\CortexM0\ARM_GCC_541\Debug\B_PM.o"
Deleting file ".\CortexM0\ARM_GCC_541\Debug\BATT_NTC.o"
Deleting file ".\CortexM0\ARM_GCC_541\Debug\BATT_NTC_PM.o"
Deleting file ".\CortexM0\ARM_GCC_541\Debug\THERM.o"
Deleting file ".\CortexM0\ARM_GCC_541\Debug\THERM_PM.o"
Deleting file ".\CortexM0\ARM_GCC_541\Debug\A.o"
Deleting file ".\CortexM0\ARM_GCC_541\Debug\A_PM.o"
Deleting file ".\CortexM0\ARM_GCC_541\Debug\VBAT_SENSE.o"
Deleting file ".\CortexM0\ARM_GCC_541\Debug\VBAT_SENSE_PM.o"
Deleting file ".\CortexM0\ARM_GCC_541\Debug\UART.o"
Deleting file ".\CortexM0\ARM_GCC_541\Debug\UART_SPI_UART.o"
Deleting file ".\CortexM0\ARM_GCC_541\Debug\UART_SPI_UART_INT.o"
Deleting file ".\CortexM0\ARM_GCC_541\Debug\UART_PM.o"
Deleting file ".\CortexM0\ARM_GCC_541\Debug\UART_UART.o"
Deleting file ".\CortexM0\ARM_GCC_541\Debug\UART_BOOT.o"
Deleting file ".\CortexM0\ARM_GCC_541\Debug\UART_UART_BOOT.o"
Deleting file ".\CortexM0\ARM_GCC_541\Debug\ACTLED.o"
Deleting file ".\CortexM0\ARM_GCC_541\Debug\ACTLED_PM.o"
Deleting file ".\CortexM0\ARM_GCC_541\Debug\ERRLED.o"
Deleting file ".\CortexM0\ARM_GCC_541\Debug\ERRLED_PM.o"
Deleting file ".\CortexM0\ARM_GCC_541\Debug\QuadDec.o"
Deleting file ".\CortexM0\ARM_GCC_541\Debug\QuadDec_PM.o"
Deleting file ".\CortexM0\ARM_GCC_541\Debug\I2CM.o"
Deleting file ".\CortexM0\ARM_GCC_541\Debug\I2CM_I2C_INT.o"
Deleting file ".\CortexM0\ARM_GCC_541\Debug\I2CM_I2C.o"
Deleting file ".\CortexM0\ARM_GCC_541\Debug\I2CM_I2C_BOOT.o"
Deleting file ".\CortexM0\ARM_GCC_541\Debug\I2CM_I2C_MASTER.o"
Deleting file ".\CortexM0\ARM_GCC_541\Debug\I2CM_PM.o"
Deleting file ".\CortexM0\ARM_GCC_541\Debug\I2CM_BOOT.o"
Deleting file ".\CortexM0\ARM_GCC_541\Debug\Encoder_isr.o"
Deleting file ".\CortexM0\ARM_GCC_541\Debug\OC_FLAG.o"
Deleting file ".\CortexM0\ARM_GCC_541\Debug\OC_FLAG_PM.o"
Deleting file ".\CortexM0\ARM_GCC_541\Debug\USB_isr.o"
Deleting file ".\CortexM0\ARM_GCC_541\Debug\LATCH_isr.o"
Deleting file ".\CortexM0\ARM_GCC_541\Debug\USB_INT.o"
Deleting file ".\CortexM0\ARM_GCC_541\Debug\USB_INT_PM.o"
Deleting file ".\CortexM0\ARM_GCC_541\Debug\LATCH_INT.o"
Deleting file ".\CortexM0\ARM_GCC_541\Debug\LATCH_INT_PM.o"
Deleting file ".\CortexM0\ARM_GCC_541\Debug\CHRG_OK.o"
Deleting file ".\CortexM0\ARM_GCC_541\Debug\CHRG_OK_PM.o"
Deleting file ".\CortexM0\ARM_GCC_541\Debug\CMP_OUT.o"
Deleting file ".\CortexM0\ARM_GCC_541\Debug\CMP_OUT_PM.o"
Deleting file ".\CortexM0\ARM_GCC_541\Debug\OTG_VAP.o"
Deleting file ".\CortexM0\ARM_GCC_541\Debug\OTG_VAP_PM.o"
Deleting file ".\CortexM0\ARM_GCC_541\Debug\ADC_IRQ.o"
Deleting file ".\CortexM0\ARM_GCC_541\Debug\ADC_intClock.o"
Deleting file ".\CortexM0\ARM_GCC_541\Debug\UART_SCBCLK.o"
Deleting file ".\CortexM0\ARM_GCC_541\Debug\UART_tx.o"
Deleting file ".\CortexM0\ARM_GCC_541\Debug\UART_tx_PM.o"
Deleting file ".\CortexM0\ARM_GCC_541\Debug\UART_rx.o"
Deleting file ".\CortexM0\ARM_GCC_541\Debug\UART_rx_PM.o"
Deleting file ".\CortexM0\ARM_GCC_541\Debug\I2CM_SCBCLK.o"
Deleting file ".\CortexM0\ARM_GCC_541\Debug\I2CM_sda.o"
Deleting file ".\CortexM0\ARM_GCC_541\Debug\I2CM_sda_PM.o"
Deleting file ".\CortexM0\ARM_GCC_541\Debug\I2CM_scl.o"
Deleting file ".\CortexM0\ARM_GCC_541\Debug\I2CM_scl_PM.o"
Deleting file ".\CortexM0\ARM_GCC_541\Debug\I2CM_SCB_IRQ.o"
Deleting file ".\CortexM0\ARM_GCC_541\Debug\Cm0Start.o"
Deleting file ".\CortexM0\ARM_GCC_541\Debug\CyFlash.o"
Deleting file ".\CortexM0\ARM_GCC_541\Debug\CyLib.o"
Deleting file ".\CortexM0\ARM_GCC_541\Debug\cyPm.o"
Deleting file ".\CortexM0\ARM_GCC_541\Debug\cyutils.o"
Deleting file ".\CortexM0\ARM_GCC_541\Debug\CyBootAsmGnu.o"
Deleting file ".\CortexM0\ARM_GCC_541\Debug\CyLFClk.o"
Deleting file ".\CortexM0\ARM_GCC_541\Debug\cy_em_eeprom.o"
Deleting file ".\CortexM0\ARM_GCC_541\Debug\Revelite_Batt_PSoC4.hex"
Deleting file ".\CortexM0\ARM_GCC_541\Debug\Revelite_Batt_PSoC4.elf"
Deleting file ".\CortexM0\ARM_GCC_541\Debug\Revelite_Batt_PSoC4.map"
Deleting file ".\Revelite_Batt_PSoC4.cycdx"
Deleting file ".\Revelite_Batt_PSoC4.svd"
Deleting file ".\Revelite_Batt_PSoC4.rpt"
Deleting file ".\Revelite_Batt_PSoC4_timing.html"
Deleting file ".\CortexM0\ARM_GCC_541\Debug\.deps\SOURCE_C__ARM_GCC_GENERIC.P"
Deleting file ".\CortexM0\ARM_GCC_541\Debug\.deps\SOURCE_ASM__ARM_GCC_GENERIC.P"
cydsfit.exe -.appdatapath "C:\Users\jimvr\AppData\Local\Cypress Semiconductor\PSoC Creator\4.4" -.fdsnotice -.fdswarpdepfile=warp_dependencies.txt -.fdselabdepfile=elab_dependencies.txt -.fdsbldfile=generated_files.txt -.fdsreffile=referenced_files.txt -p C:\Users\jimvr\Documents\NED_Repo\Cerno\RevliteBPBatteryPowered\Software\Revelitel_Batt_PSoC4\Revelite_Batt\Revelite_Batt_PSoC4.cydsn\Revelite_Batt_PSoC4.cyprj -d CY8C4245PVI-482 -s C:\Users\jimvr\Documents\NED_Repo\Cerno\RevliteBPBatteryPowered\Software\Revelitel_Batt_PSoC4\Revelite_Batt\Revelite_Batt_PSoC4.cydsn\Generated_Source\PSoC4 -- -yv2 -q10 -ygs -o2 -v3 -.fftcfgtype=LE
Elaborating Design...
ADD: fit.M0032: warning: Clock Warning: (Clock_1's accuracy range '24 MHz +/- 2%, (23.52 MHz - 24.48 MHz)' is not within the specified tolerance range '48 MHz +/- 5%, (45.6 MHz - 50.4 MHz)'.).
 * C:\Users\jimvr\Documents\NED_Repo\Cerno\RevliteBPBatteryPowered\Software\Revelitel_Batt_PSoC4\Revelite_Batt\Revelite_Batt_PSoC4.cydsn\Revelite_Batt_PSoC4.cydwr (Clock_1)
 * C:\Users\jimvr\Documents\NED_Repo\Cerno\RevliteBPBatteryPowered\Software\Revelitel_Batt_PSoC4\Revelite_Batt\Revelite_Batt_PSoC4.cydsn\TopDesign\TopDesign.cysch (Instance:Clock_1)
ADD: sdb.M0061: information: Info from component: ADC. The actual sample rate (980 SPS) differs from the desired sample rate (1000 SPS) due to the clock configuration in the DWR.
 * C:\Users\jimvr\Documents\NED_Repo\Cerno\RevliteBPBatteryPowered\Software\Revelitel_Batt_PSoC4\Revelite_Batt\Revelite_Batt_PSoC4.cydsn\TopDesign\TopDesign.cysch (Instance:ADC)
HDL Generation...
Synthesis...
Tech Mapping...
Analog Placement...
Analog Routing...
Analog Code Generation...
Digital Placement...
Digital Routing...
Bitstream Generation...
Bitstream Verification...
Static timing analysis...
API Generation...
Dependency Generation...
Cleanup...
arm-none-eabi-gcc.exe -mcpu=cortex-m0 -mthumb -I. -IGenerated_Source\PSoC4 -Wa,-alh=.\CortexM0\ARM_GCC_541\Debug/main.lst -g -D DEBUG -D CY_CORE_ID=0 -Wall -ffunction-sections -ffat-lto-objects -Og -c main.c -o .\CortexM0\ARM_GCC_541\Debug\main.o
main.c: In function 'main':
main.c:113:10: warning: unused variable 'bWeGotMasterDim' [-Wunused-variable]
     bool bWeGotMasterDim = false;
          ^
main.c:112:10: warning: unused variable 'bWeNeedToStoreOffSaved' [-Wunused-variable]
     bool bWeNeedToStoreOffSaved = false;
          ^
main.c:110:10: warning: unused variable 'bMasterPotOff' [-Wunused-variable]
     bool bMasterPotOff = false;
          ^
main.c:109:10: warning: variable 'bWeAreOff2' set but not used [-Wunused-but-set-variable]
     bool bWeAreOff2 = false;
          ^
main.c:108:10: warning: variable 'bWeAreOff1' set but not used [-Wunused-but-set-variable]
     bool bWeAreOff1 = false;
          ^
main.c:107:11: warning: unused variable 'fMasterScalar' [-Wunused-variable]
     float fMasterScalar = 1.0f;
           ^
arm-none-eabi-gcc.exe -mcpu=cortex-m0 -mthumb -I. -IGenerated_Source\PSoC4 -Wa,-alh=.\CortexM0\ARM_GCC_541\Debug/subs.lst -g -D DEBUG -D CY_CORE_ID=0 -Wall -ffunction-sections -ffat-lto-objects -Og -c subs.c -o .\CortexM0\ARM_GCC_541\Debug\subs.o
arm-none-eabi-gcc.exe -mcpu=cortex-m0 -mthumb -I. -IGenerated_Source\PSoC4 -Wa,-alh=.\CortexM0\ARM_GCC_541\Debug/isr.lst -g -D DEBUG -D CY_CORE_ID=0 -Wall -ffunction-sections -ffat-lto-objects -Og -c "..\..\..\..\..\Revlite CL-6-011Rxxx Driver\Software\Revelite_3LED\Revelite_3LED\Revelite_3LED.cydsn\isr.c" -o .\CortexM0\ARM_GCC_541\Debug\isr.o
..\..\..\..\..\Revlite CL-6-011Rxxx Driver\Software\Revelite_3LED\Revelite_3LED\Revelite_3LED.cydsn\isr.c: In function 'ADC_ISR_LOC':
..\..\..\..\..\Revlite CL-6-011Rxxx Driver\Software\Revelite_3LED\Revelite_3LED\Revelite_3LED.cydsn\isr.c:104:20: error: 'e_VCHARGER' undeclared (first use in this function)
             result[e_VCHARGER] = ADC_GetResult16(e_VCHARGER);       // input charger volts
                    ^
..\..\..\..\..\Revlite CL-6-011Rxxx Driver\Software\Revelite_3LED\Revelite_3LED\Revelite_3LED.cydsn\isr.c:104:20: note: each undeclared identifier is reported only once for each function it appears in
..\..\..\..\..\Revlite CL-6-011Rxxx Driver\Software\Revelite_3LED\Revelite_3LED\Revelite_3LED.cydsn\isr.c:105:20: error: 'e_VBUS' undeclared (first use in this function)
             result[e_VBUS] = ADC_GetResult16(e_VBUS);               // USB volts            
                    ^
..\..\..\..\..\Revlite CL-6-011Rxxx Driver\Software\Revelite_3LED\Revelite_3LED\Revelite_3LED.cydsn\isr.c:107:20: error: 'e_BATTTEMP' undeclared (first use in this function)
             result[e_BATTTEMP] = ADC_GetResult16(e_BATTTEMP);       // battery thermal through mux system                            
                    ^
..\..\..\..\..\Revlite CL-6-011Rxxx Driver\Software\Revelite_3LED\Revelite_3LED\Revelite_3LED.cydsn\isr.c:108:20: error: 'e_BATTVSENSE' undeclared (first use in this function)
             result[e_BATTVSENSE] = ADC_GetResult16(e_BATTVSENSE);   // battery voltage
                    ^
The command 'arm-none-eabi-gcc.exe' failed with exit code '1'.
--------------- Rebuild Failed: 10/28/2025 08:26:34 ---------------
